<?xml version="1.0" encoding="UTF-8"?>
<!-- Generated by org.testng.reporters.JUnitXMLReporter -->
<testsuite hostname="Mohammad-uddin" name="Booking.com Regression Test Suite" tests="3" failures="0" timestamp="6 Sep 2020 04:25:43 GMT" time="0.024" errors="0">
  <testcase name="@BeforeMethod beforeEachTestMethod" time="0.0" classname="test_signIn.LoginWithValidCredentialUsingEmail">
    <failure type="java.lang.NullPointerException">
      <![CDATA[java.lang.NullPointerException
	at base.Config.beforeEachTestMethod(Config.java:33)
... Removed 26 stack frames]]>
    </failure>
  </testcase> <!-- @BeforeMethod beforeEachTestMethod -->
  <testcase name="@AfterMethod afterEachTestMethod" time="0.0" classname="test_signIn.LoginWithValidCredentialUsingEmail">
    <skipped/>
  </testcase> <!-- @AfterMethod afterEachTestMethod -->
  <testcase name="@BeforeMethod beforeEachTestMethod" time="0.0" classname="test_signIn.LoginWithInvalidCredentialUsingEmailTest">
    <skipped/>
  </testcase> <!-- @BeforeMethod beforeEachTestMethod -->
  <testcase name="@AfterMethod afterEachTestMethod" time="0.0" classname="test_signIn.LoginWithInvalidCredentialUsingEmailTest">
    <skipped/>
  </testcase> <!-- @AfterMethod afterEachTestMethod -->
  <testcase name="@BeforeMethod beforeEachTestMethod" time="0.0" classname="test_register.NewRegisterTest">
    <skipped/>
  </testcase> <!-- @BeforeMethod beforeEachTestMethod -->
  <testcase name="@AfterMethod afterEachTestMethod" time="0.0" classname="test_register.NewRegisterTest">
    <skipped/>
  </testcase> <!-- @AfterMethod afterEachTestMethod -->
  <testcase name="loginWithValidCredentialUsingEmailTest" time="0.0" classname="test_signIn.LoginWithValidCredentialUsingEmail">
    <skipped/>
  </testcase> <!-- loginWithValidCredentialUsingEmailTest -->
  <testcase name="loginwithInvalidPasswordTest" time="0.0" classname="test_signIn.LoginWithInvalidCredentialUsingEmailTest">
    <skipped/>
  </testcase> <!-- loginwithInvalidPasswordTest -->
  <testcase name="registerWithNewEmailTest" time="0.001" classname="test_register.NewRegisterTest">
    <skipped/>
  </testcase> <!-- registerWithNewEmailTest -->
</testsuite> <!-- Booking.com Regression Test Suite -->
