<?xml version="1.0" encoding="UTF-8"?>
<!-- Generated by org.testng.reporters.JUnitXMLReporter -->
<testsuite hostname="Mohammad-uddin" name="Running Smoke suite in firefox" tests="2" failures="0" timestamp="1 Sep 2020 04:42:05 GMT" time="26.063" errors="0">
  <testcase name="userFullNameTest" time="7.555" classname="test_signIn.VerifyUserFullName"/>
  <testcase name="registerWithNewEmailTest" time="0.005" classname="test_register.NewRegisterTest"/>
</testsuite> <!-- Running Smoke suite in firefox -->
