<?xml version="1.0" encoding="UTF-8"?>
<testng-results skipped="0" failed="0" total="0" passed="0">
  <reporter-output>
  </reporter-output>
  <suite name="Suite1" duration-ms="5" started-at="2020-09-06T04:45:04Z" finished-at="2020-09-06T04:45:04Z">
    <groups>
    </groups>
    <test name="Test1" duration-ms="5" started-at="2020-09-06T04:45:04Z" finished-at="2020-09-06T04:45:04Z">
      <class name="base.Config">
        <test-method status="PASS" signature="startTestSuite()[pri:0, instance:base.Config@233c0b17]" name="startTestSuite" is-config="true" duration-ms="25" started-at="2020-09-06T00:45:04Z" finished-at="2020-09-06T00:45:04Z">
          <reporter-output>
          </reporter-output>
        </test-method> <!-- startTestSuite -->
        <test-method status="PASS" signature="tearDown()[pri:0, instance:base.Config@233c0b17]" name="tearDown" is-config="true" duration-ms="0" started-at="2020-09-06T00:45:04Z" finished-at="2020-09-06T00:45:04Z">
          <reporter-output>
          </reporter-output>
        </test-method> <!-- tearDown -->
      </class> <!-- base.Config -->
    </test> <!-- Test1 -->
  </suite> <!-- Suite1 -->
</testng-results>
