<?xml version="1.0" encoding="UTF-8"?>
<!-- Generated by org.testng.reporters.JUnitReportReporter -->
<testsuite hostname="Mohammad-uddin" name="test_signIn.VerifyUserFullName" tests="2" failures="0" timestamp="1 Sep 2020 04:42:06 GMT" time="17.401" errors="1">
  <testcase name="userFullNameTest" time="17.401" classname="test_signIn.VerifyUserFullName"/>
  <testcase name="userFullNameTest" time="0.000" classname="test_signIn.VerifyUserFullName">
    <error type="org.openqa.selenium.SessionNotCreatedException" message="session not created: This version of ChromeDriver only supports Chrome version 83
Build info: version: &#039;3.141.59&#039;, revision: &#039;e82be7d358&#039;, time: &#039;2018-11-14T08:25:48&#039;
System info: host: &#039;MOHAMMAD-UDDIN&#039;, ip: &#039;192.168.40.241&#039;, os.name: &#039;Windows 10&#039;, os.arch: &#039;amd64&#039;, os.version: &#039;10.0&#039;, java.version: &#039;1.8.0_261&#039;
Driver info: driver.version: ChromeDriver
remote stacktrace: Backtrace:
	Ordinal0 [0x00849563+2725219]
	Ordinal0 [0x00748551+1672529]
	Ordinal0 [0x00630359+525145]
	Ordinal0 [0x005C0B77+68471]
	Ordinal0 [0x005BD32C+54060]
	Ordinal0 [0x005DCC37+183351]
	Ordinal0 [0x005DCA3D+182845]
	Ordinal0 [0x005DA94B+174411]
	Ordinal0 [0x005C2528+75048]
	Ordinal0 [0x005C35A0+79264]
	Ordinal0 [0x005C3539+79161]
	Ordinal0 [0x0075D607+1758727]
	GetHandleVerifier [0x00966546+1050150]
	GetHandleVerifier [0x00966291+1049457]
	GetHandleVerifier [0x009710D7+1094071]
	GetHandleVerifier [0x00966B46+1051686]
	Ordinal0 [0x00755B06+1727238]
	Ordinal0 [0x0075EB7B+1764219]
	Ordinal0 [0x0075ECE3+1764579]
	Ordinal0 [0x00774C05+1854469]
	BaseThreadInitThunk [0x75CDF989+25]
	RtlGetAppContainerNamedObjectPath [0x77C574A4+228]
	RtlGetAppContainerNamedObjectPath [0x77C57474+180]
">
      <![CDATA[org.openqa.selenium.SessionNotCreatedException: session not created: This version of ChromeDriver only supports Chrome version 83
Build info: version: '3.141.59', revision: 'e82be7d358', time: '2018-11-14T08:25:48'
System info: host: 'MOHAMMAD-UDDIN', ip: '192.168.40.241', os.name: 'Windows 10', os.arch: 'amd64', os.version: '10.0', java.version: '1.8.0_261'
Driver info: driver.version: ChromeDriver
remote stacktrace: Backtrace:
	Ordinal0 [0x00849563+2725219]
	Ordinal0 [0x00748551+1672529]
	Ordinal0 [0x00630359+525145]
	Ordinal0 [0x005C0B77+68471]
	Ordinal0 [0x005BD32C+54060]
	Ordinal0 [0x005DCC37+183351]
	Ordinal0 [0x005DCA3D+182845]
	Ordinal0 [0x005DA94B+174411]
	Ordinal0 [0x005C2528+75048]
	Ordinal0 [0x005C35A0+79264]
	Ordinal0 [0x005C3539+79161]
	Ordinal0 [0x0075D607+1758727]
	GetHandleVerifier [0x00966546+1050150]
	GetHandleVerifier [0x00966291+1049457]
	GetHandleVerifier [0x009710D7+1094071]
	GetHandleVerifier [0x00966B46+1051686]
	Ordinal0 [0x00755B06+1727238]
	Ordinal0 [0x0075EB7B+1764219]
	Ordinal0 [0x0075ECE3+1764579]
	Ordinal0 [0x00774C05+1854469]
	BaseThreadInitThunk [0x75CDF989+25]
	RtlGetAppContainerNamedObjectPath [0x77C574A4+228]
	RtlGetAppContainerNamedObjectPath [0x77C57474+180]

	at sun.reflect.NativeConstructorAccessorImpl.newInstance0(Native Method)
	at sun.reflect.NativeConstructorAccessorImpl.newInstance(Unknown Source)
	at sun.reflect.DelegatingConstructorAccessorImpl.newInstance(Unknown Source)
	at java.lang.reflect.Constructor.newInstance(Unknown Source)
	at org.openqa.selenium.remote.W3CHandshakeResponse.lambda$errorHandler$0(W3CHandshakeResponse.java:62)
	at org.openqa.selenium.remote.HandshakeResponse.lambda$getResponseFunction$0(HandshakeResponse.java:30)
	at org.openqa.selenium.remote.ProtocolHandshake.lambda$createSession$0(ProtocolHandshake.java:126)
	at java.util.stream.ReferencePipeline$3$1.accept(Unknown Source)
	at java.util.Spliterators$ArraySpliterator.tryAdvance(Unknown Source)
	at java.util.stream.ReferencePipeline.forEachWithCancel(Unknown Source)
	at java.util.stream.AbstractPipeline.copyIntoWithCancel(Unknown Source)
	at java.util.stream.AbstractPipeline.copyInto(Unknown Source)
	at java.util.stream.AbstractPipeline.wrapAndCopyInto(Unknown Source)
	at java.util.stream.FindOps$FindOp.evaluateSequential(Unknown Source)
	at java.util.stream.AbstractPipeline.evaluate(Unknown Source)
	at java.util.stream.ReferencePipeline.findFirst(Unknown Source)
	at org.openqa.selenium.remote.ProtocolHandshake.createSession(ProtocolHandshake.java:128)
	at org.openqa.selenium.remote.ProtocolHandshake.createSession(ProtocolHandshake.java:74)
	at org.openqa.selenium.remote.HttpCommandExecutor.execute(HttpCommandExecutor.java:136)
	at org.openqa.selenium.remote.service.DriverCommandExecutor.execute(DriverCommandExecutor.java:83)
	at org.openqa.selenium.remote.RemoteWebDriver.execute(RemoteWebDriver.java:552)
	at org.openqa.selenium.remote.RemoteWebDriver.startSession(RemoteWebDriver.java:213)
	at org.openqa.selenium.remote.RemoteWebDriver.<init>(RemoteWebDriver.java:131)
	at org.openqa.selenium.chrome.ChromeDriver.<init>(ChromeDriver.java:181)
	at org.openqa.selenium.chrome.ChromeDriver.<init>(ChromeDriver.java:168)
	at org.openqa.selenium.chrome.ChromeDriver.<init>(ChromeDriver.java:123)
	at base.Config.beforeEachTestMethod(Config.java:25)
	at sun.reflect.NativeMethodAccessorImpl.invoke0(Native Method)
	at sun.reflect.NativeMethodAccessorImpl.invoke(Unknown Source)
	at sun.reflect.DelegatingMethodAccessorImpl.invoke(Unknown Source)
	at java.lang.reflect.Method.invoke(Unknown Source)
	at org.testng.internal.MethodInvocationHelper.invokeMethod(MethodInvocationHelper.java:86)
	at org.testng.internal.Invoker.invokeConfigurationMethod(Invoker.java:514)
	at org.testng.internal.Invoker.invokeConfigurations(Invoker.java:215)
	at org.testng.internal.Invoker.invokeMethod(Invoker.java:589)
	at org.testng.internal.Invoker.invokeTestMethod(Invoker.java:822)
	at org.testng.internal.Invoker.invokeTestMethods(Invoker.java:1130)
	at org.testng.internal.TestMethodWorker.invokeTestMethods(TestMethodWorker.java:129)
	at org.testng.internal.TestMethodWorker.run(TestMethodWorker.java:112)
	at org.testng.TestRunner.privateRun(TestRunner.java:782)
	at org.testng.TestRunner.run(TestRunner.java:632)
	at org.testng.SuiteRunner.runTest(SuiteRunner.java:366)
	at org.testng.SuiteRunner.runSequentially(SuiteRunner.java:361)
	at org.testng.SuiteRunner.privateRun(SuiteRunner.java:319)
	at org.testng.SuiteRunner.run(SuiteRunner.java:268)
	at org.testng.SuiteRunnerWorker.runSuite(SuiteRunnerWorker.java:52)
	at org.testng.SuiteRunnerWorker.run(SuiteRunnerWorker.java:86)
	at org.testng.TestNG.runSuitesSequentially(TestNG.java:1244)
	at org.testng.TestNG.runSuitesLocally(TestNG.java:1169)
	at org.testng.TestNG.run(TestNG.java:1064)
	at org.testng.remote.RemoteTestNG.run(RemoteTestNG.java:113)
	at org.testng.remote.RemoteTestNG.initAndRun(RemoteTestNG.java:206)
	at org.testng.remote.RemoteTestNG.main(RemoteTestNG.java:177)
]]>
    </error>
  </testcase> <!-- userFullNameTest -->
</testsuite> <!-- test_signIn.VerifyUserFullName -->
